<?xml version="1.0" encoding="UTF-8"?>
<!-- Generated by org.testng.reporters.JUnitXMLReporter -->
<testsuite ignored="3" hostname="Lis-PC" failures="0" tests="1" name="Login" time="3.753" errors="0" timestamp="2024-12-05T15:44:39 IST">
  <testcase classname="testScript.LoginPageTest" name="verifyUserIsAbleToLoginWithInvalidUsernameAndValidPassword" time="0.803"/>
  <testcase classname="testScript.LoginPageTest" name="verifyUserIsAbleToLoginWithValidUsernameAndInvalidPassword" time="0.0">
    <ignored/>
  </testcase> <!-- verifyUserIsAbleToLoginWithValidUsernameAndInvalidPassword -->
  <testcase classname="testScript.LoginPageTest" name="verifyUserIsAbleToLoginWithInvalidUsernameAndInvalidPassword" time="0.0">
    <ignored/>
  </testcase> <!-- verifyUserIsAbleToLoginWithInvalidUsernameAndInvalidPassword -->
  <testcase classname="testScript.LoginPageTest" name="verifyUserIsAbleToLoginWithValidCredentials" time="0.0">
    <ignored/>
  </testcase> <!-- verifyUserIsAbleToLoginWithValidCredentials -->
</testsuite> <!-- Login -->
