<?xml version="1.0" encoding="UTF-8"?>
<testng-results ignored="0" total="2" passed="2" failed="0" skipped="0">
  <reporter-output>
  </reporter-output>
  <suite started-at="2024-12-16T12:58:27 IST" name="ParallelTesting" finished-at="2024-12-16T12:58:36 IST" duration-ms="9066">
    <groups>
    </groups>
    <test started-at="2024-12-16T12:58:27 IST" name="chrometest" finished-at="2024-12-16T12:58:36 IST" duration-ms="9066">
      <class name="testScript.LoginPageTest">
        <test-method is-config="true" signature="beforeMethod(java.lang.String)[pri:0, instance:testScript.LoginPageTest@459e9125]" started-at="2024-12-16T12:58:27 IST" name="beforeMethod" finished-at="2024-12-16T12:58:31 IST" duration-ms="4159" status="PASS">
          <params>
            <param index="0">
              <value>
                <![CDATA[chrome]]>
              </value>
            </param>
          </params>
          <reporter-output>
          </reporter-output>
        </test-method> <!-- beforeMethod -->
        <test-method signature="verifyUserIsAbleToLoginWithInvalidUsernameAndInvalidPassword(java.lang.String,java.lang.String)[pri:0, instance:testScript.LoginPageTest@459e9125]" started-at="2024-12-16T12:58:31 IST" name="verifyUserIsAbleToLoginWithInvalidUsernameAndInvalidPassword" data-provider="credentials" finished-at="2024-12-16T12:58:32 IST" duration-ms="1041" status="PASS">
          <params>
            <param index="0">
              <value>
                <![CDATA[user3]]>
              </value>
            </param>
            <param index="1">
              <value>
                <![CDATA[Test123]]>
              </value>
            </param>
          </params>
          <reporter-output>
          </reporter-output>
        </test-method> <!-- verifyUserIsAbleToLoginWithInvalidUsernameAndInvalidPassword -->
        <test-method is-config="true" signature="afterMethod(org.testng.ITestResult)[pri:0, instance:testScript.LoginPageTest@459e9125]" started-at="2024-12-16T12:58:32 IST" name="afterMethod" finished-at="2024-12-16T12:58:33 IST" duration-ms="295" status="PASS">
          <params>
            <param index="0">
              <value>
                <![CDATA[[TestResult name=verifyUserIsAbleToLoginWithInvalidUsernameAndInvalidPassword status=SUCCESS method=LoginPageTest.verifyUserIsAbleToLoginWithInvalidUsernameAndInvalidPassword(java.lang.String,java.lang.String)[pri:0, instance:testScript.LoginPageTest@459e9125] output={null}]]]>
              </value>
            </param>
          </params>
          <reporter-output>
          </reporter-output>
        </test-method> <!-- afterMethod -->
      </class> <!-- testScript.LoginPageTest -->
      <class name="testScript.AdminUsers_UserSearchTest">
        <test-method is-config="true" signature="beforeMethod(java.lang.String)[pri:0, instance:testScript.AdminUsers_UserSearchTest@4afcd809]" started-at="2024-12-16T12:58:27 IST" name="beforeMethod" finished-at="2024-12-16T12:58:31 IST" duration-ms="4360" status="PASS">
          <params>
            <param index="0">
              <value>
                <![CDATA[chrome]]>
              </value>
            </param>
          </params>
          <reporter-output>
          </reporter-output>
        </test-method> <!-- beforeMethod -->
        <test-method signature="verifyUserCanBeSearched()[pri:0, instance:testScript.AdminUsers_UserSearchTest@4afcd809]" started-at="2024-12-16T12:58:31 IST" name="verifyUserCanBeSearched" finished-at="2024-12-16T12:58:36 IST" duration-ms="4408" status="PASS">
          <reporter-output>
          </reporter-output>
        </test-method> <!-- verifyUserCanBeSearched -->
        <test-method is-config="true" signature="afterMethod(org.testng.ITestResult)[pri:0, instance:testScript.AdminUsers_UserSearchTest@4afcd809]" started-at="2024-12-16T12:58:36 IST" name="afterMethod" finished-at="2024-12-16T12:58:36 IST" duration-ms="238" status="PASS">
          <params>
            <param index="0">
              <value>
                <![CDATA[[TestResult name=verifyUserCanBeSearched status=SUCCESS method=AdminUsers_UserSearchTest.verifyUserCanBeSearched()[pri:0, instance:testScript.AdminUsers_UserSearchTest@4afcd809] output={null}]]]>
              </value>
            </param>
          </params>
          <reporter-output>
          </reporter-output>
        </test-method> <!-- afterMethod -->
      </class> <!-- testScript.AdminUsers_UserSearchTest -->
    </test> <!-- chrometest -->
  </suite> <!-- ParallelTesting -->
</testng-results>
