<?xml version="1.0" encoding="UTF-8"?>
<testng-results ignored="0" total="5" passed="5" failed="0" skipped="0">
  <reporter-output>
  </reporter-output>
  <suite started-at="2024-12-19T18:46:10 IST" name="Suite" finished-at="2024-12-19T18:46:33 IST" duration-ms="22446">
    <groups>
      <group name="smoke">
        <method signature="LoginPageTest.verifyUserIsAbleToLoginWithValidUsernameAndInvalidPassword()[pri:0, instance:testScript.LoginPageTest@4d5d943d]" name="verifyUserIsAbleToLoginWithValidUsernameAndInvalidPassword" class="testScript.LoginPageTest"/>
      </group> <!-- smoke -->
    </groups>
    <test started-at="2024-12-19T18:46:10 IST" name="7rmartSupermarket" finished-at="2024-12-19T18:46:33 IST" duration-ms="22446">
      <class name="testScript.LoginPageTest">
        <test-method is-config="true" signature="beforeMethod(java.lang.String)[pri:0, instance:testScript.LoginPageTest@4d5d943d]" started-at="2024-12-19T18:46:10 IST" name="beforeMethod" finished-at="2024-12-19T18:46:14 IST" duration-ms="3976" status="PASS">
          <params>
            <param index="0">
              <value>
                <![CDATA[chrome]]>
              </value>
            </param>
          </params>
          <reporter-output>
          </reporter-output>
        </test-method> <!-- beforeMethod -->
        <test-method signature="verifyUserIsAbleToLoginWithInvalidUsernameAndInvalidPassword(java.lang.String,java.lang.String)[pri:0, instance:testScript.LoginPageTest@4d5d943d]" started-at="2024-12-19T18:46:14 IST" name="verifyUserIsAbleToLoginWithInvalidUsernameAndInvalidPassword" data-provider="credentials" finished-at="2024-12-19T18:46:16 IST" duration-ms="1265" status="PASS">
          <params>
            <param index="0">
              <value>
                <![CDATA[user3]]>
              </value>
            </param>
            <param index="1">
              <value>
                <![CDATA[Test123]]>
              </value>
            </param>
          </params>
          <reporter-output>
          </reporter-output>
        </test-method> <!-- verifyUserIsAbleToLoginWithInvalidUsernameAndInvalidPassword -->
        <test-method is-config="true" signature="afterMethod(org.testng.ITestResult)[pri:0, instance:testScript.LoginPageTest@4d5d943d]" started-at="2024-12-19T18:46:16 IST" name="afterMethod" finished-at="2024-12-19T18:46:16 IST" duration-ms="218" status="PASS">
          <params>
            <param index="0">
              <value>
                <![CDATA[[TestResult name=verifyUserIsAbleToLoginWithInvalidUsernameAndInvalidPassword status=SUCCESS method=LoginPageTest.verifyUserIsAbleToLoginWithInvalidUsernameAndInvalidPassword(java.lang.String,java.lang.String)[pri:0, instance:testScript.LoginPageTest@4d5d943d] output={null}]]]>
              </value>
            </param>
          </params>
          <reporter-output>
          </reporter-output>
        </test-method> <!-- afterMethod -->
        <test-method is-config="true" signature="beforeMethod(java.lang.String)[pri:0, instance:testScript.LoginPageTest@4d5d943d]" started-at="2024-12-19T18:46:16 IST" name="beforeMethod" finished-at="2024-12-19T18:46:19 IST" duration-ms="3055" status="PASS">
          <params>
            <param index="0">
              <value>
                <![CDATA[chrome]]>
              </value>
            </param>
          </params>
          <reporter-output>
          </reporter-output>
        </test-method> <!-- beforeMethod -->
        <test-method signature="verifyUserIsAbleToLoginWithInvalidUsernameAndInvalidPassword(java.lang.String,java.lang.String)[pri:0, instance:testScript.LoginPageTest@4d5d943d]" started-at="2024-12-19T18:46:19 IST" name="verifyUserIsAbleToLoginWithInvalidUsernameAndInvalidPassword" data-provider="credentials" finished-at="2024-12-19T18:46:20 IST" duration-ms="767" status="PASS">
          <params>
            <param index="0">
              <value>
                <![CDATA[user4]]>
              </value>
            </param>
            <param index="1">
              <value>
                <![CDATA[Test1234]]>
              </value>
            </param>
          </params>
          <reporter-output>
          </reporter-output>
        </test-method> <!-- verifyUserIsAbleToLoginWithInvalidUsernameAndInvalidPassword -->
        <test-method is-config="true" signature="afterMethod(org.testng.ITestResult)[pri:0, instance:testScript.LoginPageTest@4d5d943d]" started-at="2024-12-19T18:46:20 IST" name="afterMethod" finished-at="2024-12-19T18:46:20 IST" duration-ms="198" status="PASS">
          <params>
            <param index="0">
              <value>
                <![CDATA[[TestResult name=verifyUserIsAbleToLoginWithInvalidUsernameAndInvalidPassword status=SUCCESS method=LoginPageTest.verifyUserIsAbleToLoginWithInvalidUsernameAndInvalidPassword(java.lang.String,java.lang.String)[pri:0, instance:testScript.LoginPageTest@4d5d943d] output={null}]]]>
              </value>
            </param>
          </params>
          <reporter-output>
          </reporter-output>
        </test-method> <!-- afterMethod -->
        <test-method is-config="true" signature="beforeMethod(java.lang.String)[pri:0, instance:testScript.LoginPageTest@4d5d943d]" started-at="2024-12-19T18:46:20 IST" name="beforeMethod" finished-at="2024-12-19T18:46:22 IST" duration-ms="2020" status="PASS">
          <params>
            <param index="0">
              <value>
                <![CDATA[chrome]]>
              </value>
            </param>
          </params>
          <reporter-output>
          </reporter-output>
        </test-method> <!-- beforeMethod -->
        <test-method signature="verifyUserIsAbleToLoginWithInvalidUsernameAndValidPassword()[pri:0, instance:testScript.LoginPageTest@4d5d943d]" started-at="2024-12-19T18:46:22 IST" name="verifyUserIsAbleToLoginWithInvalidUsernameAndValidPassword" finished-at="2024-12-19T18:46:23 IST" duration-ms="1376" status="PASS">
          <reporter-output>
          </reporter-output>
        </test-method> <!-- verifyUserIsAbleToLoginWithInvalidUsernameAndValidPassword -->
        <test-method is-config="true" signature="afterMethod(org.testng.ITestResult)[pri:0, instance:testScript.LoginPageTest@4d5d943d]" started-at="2024-12-19T18:46:23 IST" name="afterMethod" finished-at="2024-12-19T18:46:24 IST" duration-ms="297" status="PASS">
          <params>
            <param index="0">
              <value>
                <![CDATA[[TestResult name=verifyUserIsAbleToLoginWithInvalidUsernameAndValidPassword status=SUCCESS method=LoginPageTest.verifyUserIsAbleToLoginWithInvalidUsernameAndValidPassword()[pri:0, instance:testScript.LoginPageTest@4d5d943d] output={null}]]]>
              </value>
            </param>
          </params>
          <reporter-output>
          </reporter-output>
        </test-method> <!-- afterMethod -->
        <test-method is-config="true" signature="beforeMethod(java.lang.String)[pri:0, instance:testScript.LoginPageTest@4d5d943d]" started-at="2024-12-19T18:46:24 IST" name="beforeMethod" finished-at="2024-12-19T18:46:27 IST" duration-ms="3463" status="PASS">
          <params>
            <param index="0">
              <value>
                <![CDATA[chrome]]>
              </value>
            </param>
          </params>
          <reporter-output>
          </reporter-output>
        </test-method> <!-- beforeMethod -->
        <test-method signature="verifyUserIsAbleToLoginWithValidCredentials(java.lang.String,java.lang.String)[pri:0, instance:testScript.LoginPageTest@4d5d943d]" started-at="2024-12-19T18:46:27 IST" name="verifyUserIsAbleToLoginWithValidCredentials" finished-at="2024-12-19T18:46:28 IST" duration-ms="991" status="PASS">
          <params>
            <param index="0">
              <value>
                <![CDATA[admin]]>
              </value>
            </param>
            <param index="1">
              <value>
                <![CDATA[admin]]>
              </value>
            </param>
          </params>
          <reporter-output>
          </reporter-output>
        </test-method> <!-- verifyUserIsAbleToLoginWithValidCredentials -->
        <test-method is-config="true" signature="afterMethod(org.testng.ITestResult)[pri:0, instance:testScript.LoginPageTest@4d5d943d]" started-at="2024-12-19T18:46:28 IST" name="afterMethod" finished-at="2024-12-19T18:46:28 IST" duration-ms="223" status="PASS">
          <params>
            <param index="0">
              <value>
                <![CDATA[[TestResult name=verifyUserIsAbleToLoginWithValidCredentials status=SUCCESS method=LoginPageTest.verifyUserIsAbleToLoginWithValidCredentials(java.lang.String,java.lang.String)[pri:0, instance:testScript.LoginPageTest@4d5d943d] output={null}]]]>
              </value>
            </param>
          </params>
          <reporter-output>
          </reporter-output>
        </test-method> <!-- afterMethod -->
        <test-method is-config="true" signature="beforeMethod(java.lang.String)[pri:0, instance:testScript.LoginPageTest@4d5d943d]" started-at="2024-12-19T18:46:28 IST" name="beforeMethod" finished-at="2024-12-19T18:46:30 IST" duration-ms="2080" status="PASS">
          <params>
            <param index="0">
              <value>
                <![CDATA[chrome]]>
              </value>
            </param>
          </params>
          <reporter-output>
          </reporter-output>
        </test-method> <!-- beforeMethod -->
        <test-method signature="verifyUserIsAbleToLoginWithValidUsernameAndInvalidPassword()[pri:0, instance:testScript.LoginPageTest@4d5d943d]" started-at="2024-12-19T18:46:30 IST" name="verifyUserIsAbleToLoginWithValidUsernameAndInvalidPassword" finished-at="2024-12-19T18:46:32 IST" duration-ms="2193" status="PASS">
          <reporter-output>
          </reporter-output>
        </test-method> <!-- verifyUserIsAbleToLoginWithValidUsernameAndInvalidPassword -->
        <test-method is-config="true" signature="afterMethod(org.testng.ITestResult)[pri:0, instance:testScript.LoginPageTest@4d5d943d]" started-at="2024-12-19T18:46:32 IST" name="afterMethod" finished-at="2024-12-19T18:46:33 IST" duration-ms="218" status="PASS">
          <params>
            <param index="0">
              <value>
                <![CDATA[[TestResult name=verifyUserIsAbleToLoginWithValidUsernameAndInvalidPassword status=SUCCESS method=LoginPageTest.verifyUserIsAbleToLoginWithValidUsernameAndInvalidPassword()[pri:0, instance:testScript.LoginPageTest@4d5d943d] output={null}]]]>
              </value>
            </param>
          </params>
          <reporter-output>
          </reporter-output>
        </test-method> <!-- afterMethod -->
      </class> <!-- testScript.LoginPageTest -->
    </test> <!-- 7rmartSupermarket -->
  </suite> <!-- Suite -->
</testng-results>
