<?xml version="1.0" encoding="UTF-8"?>
<!-- Generated by org.testng.reporters.JUnitXMLReporter -->
<testsuite ignored="3" hostname="Lis-PC" failures="1" tests="2" name="chrometest" time="6.237" errors="0" timestamp="2024-12-17T14:09:37 IST">
  <testcase classname="testScript.AdminUsers_UserSearchTest" name="verifyUserCanBeSearched" time="1.079">
    <failure type="java.lang.NullPointerException" message="Cannot invoke &amp;quot;org.apache.poi.xssf.usermodel.XSSFRow.getCell(int)&amp;quot; because &amp;quot;r&amp;quot; is null">
      <![CDATA[java.lang.NullPointerException: Cannot invoke "org.apache.poi.xssf.usermodel.XSSFRow.getCell(int)" because "r" is null
at utilities.ExcelUtility.readStringData(ExcelUtility.java:25)
at testScript.AdminUsers_UserSearchTest.verifyUserCanBeSearched(AdminUsers_UserSearchTest.java:24)
at java.base/java.util.concurrent.ThreadPoolExecutor.runWorker(ThreadPoolExecutor.java:1136)
at java.base/java.util.concurrent.ThreadPoolExecutor$Worker.run(ThreadPoolExecutor.java:635)
at java.base/java.lang.Thread.run(Thread.java:842)
... Removed 12 stack frames]]>
    </failure>
  </testcase> <!-- verifyUserCanBeSearched -->
  <testcase classname="testScript.LoginPageTest" name="verifyUserIsAbleToLoginWithValidCredentials" time="1.322"/>
  <testcase classname="testScript.LoginPageTest" name="verifyUserIsAbleToLoginWithValidUsernameAndInvalidPassword" time="0.0">
    <ignored/>
  </testcase> <!-- verifyUserIsAbleToLoginWithValidUsernameAndInvalidPassword -->
  <testcase classname="testScript.LoginPageTest" name="verifyUserIsAbleToLoginWithInvalidUsernameAndValidPassword" time="0.0">
    <ignored/>
  </testcase> <!-- verifyUserIsAbleToLoginWithInvalidUsernameAndValidPassword -->
  <testcase classname="testScript.LoginPageTest" name="verifyUserIsAbleToLoginWithInvalidUsernameAndInvalidPassword" time="0.0">
    <ignored/>
  </testcase> <!-- verifyUserIsAbleToLoginWithInvalidUsernameAndInvalidPassword -->
</testsuite> <!-- chrometest -->
