<?xml version="1.0" encoding="UTF-8"?>
<!-- Generated by org.testng.reporters.JUnitXMLReporter -->
<testsuite ignored="3" hostname="Lis-PC" failures="0" tests="2" name="chrometest" time="9.066" errors="0" timestamp="2024-12-16T12:58:36 IST">
  <testcase classname="testScript.LoginPageTest" name="verifyUserIsAbleToLoginWithInvalidUsernameAndInvalidPassword" time="1.041"/>
  <testcase classname="testScript.AdminUsers_UserSearchTest" name="verifyUserCanBeSearched" time="4.408"/>
  <testcase classname="testScript.LoginPageTest" name="verifyUserIsAbleToLoginWithValidUsernameAndInvalidPassword" time="0.0">
    <ignored/>
  </testcase> <!-- verifyUserIsAbleToLoginWithValidUsernameAndInvalidPassword -->
  <testcase classname="testScript.LoginPageTest" name="verifyUserIsAbleToLoginWithInvalidUsernameAndValidPassword" time="0.0">
    <ignored/>
  </testcase> <!-- verifyUserIsAbleToLoginWithInvalidUsernameAndValidPassword -->
  <testcase classname="testScript.LoginPageTest" name="verifyUserIsAbleToLoginWithValidCredentials" time="0.0">
    <ignored/>
  </testcase> <!-- verifyUserIsAbleToLoginWithValidCredentials -->
</testsuite> <!-- chrometest -->
